{
  "RSpec": {
    "coverage": {
      "/Users/josephking/3mod/mid-mod/the_last_airbender_2210/app/facades/avatar_facade.rb": {
        "lines": [
          1,
          1,
          3,
          3,
          291,
          null,
          null,
          null
        ]
      },
      "/Users/josephking/3mod/mid-mod/the_last_airbender_2210/spec/features/search/index_spec.rb": {
        "lines": [
          1,
          null,
          1,
          1,
          2,
          null,
          null,
          null,
          1,
          1,
          null,
          1,
          1,
          null,
          1,
          null,
          null,
          1,
          1,
          null,
          1,
          1,
          null,
          1,
          1,
          1,
          1,
          null,
          null
        ]
      },
      "/Users/josephking/3mod/mid-mod/the_last_airbender_2210/spec/poros/character_spec.rb": {
        "lines": [
          1,
          null,
          1,
          1,
          null,
          1,
          null,
          null,
          null,
          null,
          null,
          null,
          null,
          null,
          null,
          null,
          null,
          null,
          1,
          null,
          1,
          1,
          1,
          1,
          1,
          1,
          null,
          null
        ]
      },
      "/Users/josephking/3mod/mid-mod/the_last_airbender_2210/app/poros/character.rb": {
        "lines": [
          1,
          1,
          null,
          null,
          null,
          null,
          null,
          1,
          292,
          292,
          292,
          292,
          292,
          null,
          null
        ]
      },
      "/Users/josephking/3mod/mid-mod/the_last_airbender_2210/spec/services/avatar_service_spec.rb": {
        "lines": [
          1,
          null,
          1,
          1,
          1,
          null,
          null,
          null,
          1,
          1,
          1,
          null,
          1,
          1,
          97,
          97,
          97,
          97,
          97,
          97,
          97,
          97,
          97,
          null,
          null,
          null,
          null
        ]
      },
      "/Users/josephking/3mod/mid-mod/the_last_airbender_2210/app/services/avatar_service.rb": {
        "lines": [
          1,
          1,
          4,
          null,
          null,
          1,
          4,
          4,
          null,
          null,
          null,
          null
        ]
      },
      "/Users/josephking/3mod/mid-mod/the_last_airbender_2210/app/controllers/welcome_controller.rb": {
        "lines": [
          1,
          1,
          null
        ]
      },
      "/Users/josephking/3mod/mid-mod/the_last_airbender_2210/app/controllers/application_controller.rb": {
        "lines": [
          1,
          1,
          null
        ]
      },
      "/Users/josephking/3mod/mid-mod/the_last_airbender_2210/app/controllers/search_controller.rb": {
        "lines": [
          1,
          1,
          2,
          2,
          2,
          2,
          null,
          null
        ]
      }
    },
    "timestamp": 1676655718
  }
}
